Vivado Simulator v2023.1
Copyright 1986-2022 Xilinx, Inc. All Rights Reserved.
Copyright 2022-2023 Advanced Micro Devices, Inc. All Rights Reserved.
Running: G:/Vivado/2023.1/bin/unwrapped/win64.o/xelab.exe --incr --debug typical --relax --mt 2 -L xil_defaultlib -L unisims_ver -L unimacro_ver -L secureip --snapshot Adder_16bits_tb_behav xil_defaultlib.Adder_16bits_tb xil_defaultlib.glbl -log elaborate.log 
Using 2 slave threads.
Starting static elaboration
Pass Through NonSizing Optimizer
Completed static elaboration
Starting simulation data flow analysis
Completed simulation data flow analysis
Time Resolution for simulation is 1ps
Compiling module xil_defaultlib.fulladder
Compiling module xil_defaultlib.Rca_8bits
Compiling module xil_defaultlib.GC
Compiling module xil_defaultlib.BC
Compiling module xil_defaultlib.and_xor
Compiling module xil_defaultlib.kogge_stone
Compiling module xil_defaultlib.Adder_16bits
Compiling module xil_defaultlib.Adder_16bits_tb
Compiling module xil_defaultlib.glbl
Built simulation snapshot Adder_16bits_tb_behav
