Vivado Simulator v2023.1
Copyright 1986-2022 Xilinx, Inc. All Rights Reserved.
Copyright 2022-2023 Advanced Micro Devices, Inc. All Rights Reserved.
Running: G:/Vivado/2023.1/bin/unwrapped/win64.o/xelab.exe --incr --debug typical --relax --mt 2 -L xil_defaultlib -L unisims_ver -L unimacro_ver -L secureip --snapshot mips_tb_behav xil_defaultlib.mips_tb xil_defaultlib.glbl -log elaborate.log 
Using 2 slave threads.
Starting static elaboration
Pass Through NonSizing Optimizer
Completed static elaboration
Starting simulation data flow analysis
Completed simulation data flow analysis
Time Resolution for simulation is 1ps
Compiling module xil_defaultlib.instr_mem
Compiling module xil_defaultlib.Control
Compiling module xil_defaultlib.register_file
Compiling module xil_defaultlib.JR_Control
Compiling module xil_defaultlib.Alu_unit
Compiling module xil_defaultlib.alu
Compiling module xil_defaultlib.Memory
Compiling module xil_defaultlib.mips_processor
Compiling module xil_defaultlib.mips_tb
Compiling module xil_defaultlib.glbl
Built simulation snapshot mips_tb_behav
